<?xml version="1.0" encoding="UTF-8"?>
<testsuite xmlns:xsi="http://www.w3.org/2001/XMLSchema-instance" xsi:noNamespaceSchemaLocation="https://maven.apache.org/surefire/maven-surefire-plugin/xsd/surefire-test-report-3.0.xsd" version="3.0" name="com.example.selenium.GuiTestCasesPage1Test" time="9.718" tests="95" errors="0" skipped="0" failures="0">
  <properties>
    <property name="java.specification.version" value="21"/>
    <property name="webdriver.chrome.driver" value="chromedriver.exe"/>
    <property name="sun.cpu.isalist" value="amd64"/>
    <property name="sun.jnu.encoding" value="Cp1252"/>
    <property name="java.class.path" value="C:\Users\nindr\Desktop\SeleniumWebAppTests\target\test-classes;C:\Users\nindr\Desktop\SeleniumWebAppTests\target\classes;C:\Users\nindr\.m2\repository\org\junit\jupiter\junit-jupiter\5.10.0\junit-jupiter-5.10.0.jar;C:\Users\nindr\.m2\repository\org\junit\jupiter\junit-jupiter-api\5.10.0\junit-jupiter-api-5.10.0.jar;C:\Users\nindr\.m2\repository\org\opentest4j\opentest4j\1.3.0\opentest4j-1.3.0.jar;C:\Users\nindr\.m2\repository\org\junit\platform\junit-platform-commons\1.10.0\junit-platform-commons-1.10.0.jar;C:\Users\nindr\.m2\repository\org\apiguardian\apiguardian-api\1.1.2\apiguardian-api-1.1.2.jar;C:\Users\nindr\.m2\repository\org\junit\jupiter\junit-jupiter-params\5.10.0\junit-jupiter-params-5.10.0.jar;C:\Users\nindr\.m2\repository\org\junit\jupiter\junit-jupiter-engine\5.10.0\junit-jupiter-engine-5.10.0.jar;C:\Users\nindr\.m2\repository\org\junit\platform\junit-platform-engine\1.10.0\junit-platform-engine-1.10.0.jar;C:\Users\nindr\.m2\repository\org\seleniumhq\selenium\selenium-java\4.21.0\selenium-java-4.21.0.jar;C:\Users\nindr\.m2\repository\org\seleniumhq\selenium\selenium-api\4.21.0\selenium-api-4.21.0.jar;C:\Users\nindr\.m2\repository\org\seleniumhq\selenium\selenium-chrome-driver\4.21.0\selenium-chrome-driver-4.21.0.jar;C:\Users\nindr\.m2\repository\com\google\auto\service\auto-service-annotations\1.1.1\auto-service-annotations-1.1.1.jar;C:\Users\nindr\.m2\repository\org\seleniumhq\selenium\selenium-chromium-driver\4.21.0\selenium-chromium-driver-4.21.0.jar;C:\Users\nindr\.m2\repository\org\seleniumhq\selenium\selenium-json\4.21.0\selenium-json-4.21.0.jar;C:\Users\nindr\.m2\repository\org\seleniumhq\selenium\selenium-manager\4.21.0\selenium-manager-4.21.0.jar;C:\Users\nindr\.m2\repository\org\seleniumhq\selenium\selenium-devtools-v123\4.21.0\selenium-devtools-v123-4.21.0.jar;C:\Users\nindr\.m2\repository\org\seleniumhq\selenium\selenium-devtools-v124\4.21.0\selenium-devtools-v124-4.21.0.jar;C:\Users\nindr\.m2\repository\org\seleniumhq\selenium\selenium-devtools-v125\4.21.0\selenium-devtools-v125-4.21.0.jar;C:\Users\nindr\.m2\repository\org\seleniumhq\selenium\selenium-devtools-v85\4.21.0\selenium-devtools-v85-4.21.0.jar;C:\Users\nindr\.m2\repository\org\seleniumhq\selenium\selenium-edge-driver\4.21.0\selenium-edge-driver-4.21.0.jar;C:\Users\nindr\.m2\repository\org\seleniumhq\selenium\selenium-firefox-driver\4.21.0\selenium-firefox-driver-4.21.0.jar;C:\Users\nindr\.m2\repository\org\seleniumhq\selenium\selenium-http\4.21.0\selenium-http-4.21.0.jar;C:\Users\nindr\.m2\repository\dev\failsafe\failsafe\3.3.2\failsafe-3.3.2.jar;C:\Users\nindr\.m2\repository\org\seleniumhq\selenium\selenium-ie-driver\4.21.0\selenium-ie-driver-4.21.0.jar;C:\Users\nindr\.m2\repository\org\seleniumhq\selenium\selenium-remote-driver\4.21.0\selenium-remote-driver-4.21.0.jar;C:\Users\nindr\.m2\repository\com\google\guava\guava\33.2.0-jre\guava-33.2.0-jre.jar;C:\Users\nindr\.m2\repository\com\google\guava\failureaccess\1.0.2\failureaccess-1.0.2.jar;C:\Users\nindr\.m2\repository\com\google\guava\listenablefuture\9999.0-empty-to-avoid-conflict-with-guava\listenablefuture-9999.0-empty-to-avoid-conflict-with-guava.jar;C:\Users\nindr\.m2\repository\com\google\code\findbugs\jsr305\3.0.2\jsr305-3.0.2.jar;C:\Users\nindr\.m2\repository\org\checkerframework\checker-qual\3.42.0\checker-qual-3.42.0.jar;C:\Users\nindr\.m2\repository\com\google\errorprone\error_prone_annotations\2.26.1\error_prone_annotations-2.26.1.jar;C:\Users\nindr\.m2\repository\com\google\j2objc\j2objc-annotations\3.0.0\j2objc-annotations-3.0.0.jar;C:\Users\nindr\.m2\repository\io\opentelemetry\semconv\opentelemetry-semconv\1.25.0-alpha\opentelemetry-semconv-1.25.0-alpha.jar;C:\Users\nindr\.m2\repository\io\opentelemetry\opentelemetry-api\1.38.0\opentelemetry-api-1.38.0.jar;C:\Users\nindr\.m2\repository\io\opentelemetry\opentelemetry-context\1.38.0\opentelemetry-context-1.38.0.jar;C:\Users\nindr\.m2\repository\io\opentelemetry\opentelemetry-exporter-logging\1.38.0\opentelemetry-exporter-logging-1.38.0.jar;C:\Users\nindr\.m2\repository\io\opentelemetry\opentelemetry-sdk-common\1.38.0\opentelemetry-sdk-common-1.38.0.jar;C:\Users\nindr\.m2\repository\io\opentelemetry\opentelemetry-sdk-extension-autoconfigure-spi\1.38.0\opentelemetry-sdk-extension-autoconfigure-spi-1.38.0.jar;C:\Users\nindr\.m2\repository\io\opentelemetry\opentelemetry-sdk-extension-autoconfigure\1.38.0\opentelemetry-sdk-extension-autoconfigure-1.38.0.jar;C:\Users\nindr\.m2\repository\io\opentelemetry\opentelemetry-api-incubator\1.38.0-alpha\opentelemetry-api-incubator-1.38.0-alpha.jar;C:\Users\nindr\.m2\repository\io\opentelemetry\opentelemetry-sdk-trace\1.38.0\opentelemetry-sdk-trace-1.38.0.jar;C:\Users\nindr\.m2\repository\io\opentelemetry\opentelemetry-sdk\1.38.0\opentelemetry-sdk-1.38.0.jar;C:\Users\nindr\.m2\repository\io\opentelemetry\opentelemetry-sdk-metrics\1.38.0\opentelemetry-sdk-metrics-1.38.0.jar;C:\Users\nindr\.m2\repository\io\opentelemetry\opentelemetry-sdk-logs\1.38.0\opentelemetry-sdk-logs-1.38.0.jar;C:\Users\nindr\.m2\repository\net\bytebuddy\byte-buddy\1.14.15\byte-buddy-1.14.15.jar;C:\Users\nindr\.m2\repository\org\seleniumhq\selenium\selenium-os\4.21.0\selenium-os-4.21.0.jar;C:\Users\nindr\.m2\repository\org\apache\commons\commons-exec\1.4.0\commons-exec-1.4.0.jar;C:\Users\nindr\.m2\repository\org\seleniumhq\selenium\selenium-safari-driver\4.21.0\selenium-safari-driver-4.21.0.jar;C:\Users\nindr\.m2\repository\org\seleniumhq\selenium\selenium-support\4.21.0\selenium-support-4.21.0.jar;C:\Users\nindr\.m2\repository\io\github\bonigarcia\webdrivermanager\5.8.0\webdrivermanager-5.8.0.jar;C:\Users\nindr\.m2\repository\org\slf4j\slf4j-api\2.0.12\slf4j-api-2.0.12.jar;C:\Users\nindr\.m2\repository\com\google\code\gson\gson\2.10.1\gson-2.10.1.jar;C:\Users\nindr\.m2\repository\com\github\docker-java\docker-java\3.3.6\docker-java-3.3.6.jar;C:\Users\nindr\.m2\repository\com\github\docker-java\docker-java-core\3.3.6\docker-java-core-3.3.6.jar;C:\Users\nindr\.m2\repository\com\github\docker-java\docker-java-api\3.3.6\docker-java-api-3.3.6.jar;C:\Users\nindr\.m2\repository\com\fasterxml\jackson\core\jackson-annotations\2.10.3\jackson-annotations-2.10.3.jar;C:\Users\nindr\.m2\repository\com\fasterxml\jackson\core\jackson-databind\2.10.3\jackson-databind-2.10.3.jar;C:\Users\nindr\.m2\repository\com\fasterxml\jackson\core\jackson-core\2.10.3\jackson-core-2.10.3.jar;C:\Users\nindr\.m2\repository\org\bouncycastle\bcpkix-jdk18on\1.76\bcpkix-jdk18on-1.76.jar;C:\Users\nindr\.m2\repository\org\bouncycastle\bcprov-jdk18on\1.76\bcprov-jdk18on-1.76.jar;C:\Users\nindr\.m2\repository\org\bouncycastle\bcutil-jdk18on\1.76\bcutil-jdk18on-1.76.jar;C:\Users\nindr\.m2\repository\org\slf4j\jcl-over-slf4j\1.7.30\jcl-over-slf4j-1.7.30.jar;C:\Users\nindr\.m2\repository\com\github\docker-java\docker-java-transport-httpclient5\3.3.6\docker-java-transport-httpclient5-3.3.6.jar;C:\Users\nindr\.m2\repository\com\github\docker-java\docker-java-transport\3.3.6\docker-java-transport-3.3.6.jar;C:\Users\nindr\.m2\repository\net\java\dev\jna\jna\5.13.0\jna-5.13.0.jar;C:\Users\nindr\.m2\repository\org\brotli\dec\0.1.2\dec-0.1.2.jar;C:\Users\nindr\.m2\repository\org\apache\commons\commons-lang3\3.14.0\commons-lang3-3.14.0.jar;C:\Users\nindr\.m2\repository\org\apache\commons\commons-compress\1.26.1\commons-compress-1.26.1.jar;C:\Users\nindr\.m2\repository\commons-codec\commons-codec\1.16.1\commons-codec-1.16.1.jar;C:\Users\nindr\.m2\repository\commons-io\commons-io\2.15.1\commons-io-2.15.1.jar;C:\Users\nindr\.m2\repository\org\apache\httpcomponents\client5\httpclient5\5.2.1\httpclient5-5.2.1.jar;C:\Users\nindr\.m2\repository\org\apache\httpcomponents\core5\httpcore5\5.2\httpcore5-5.2.jar;C:\Users\nindr\.m2\repository\org\apache\httpcomponents\core5\httpcore5-h2\5.2\httpcore5-h2-5.2.jar;"/>
    <property name="java.vm.vendor" value="Oracle Corporation"/>
    <property name="sun.arch.data.model" value="64"/>
    <property name="user.variant" value=""/>
    <property name="java.vendor.url" value="https://java.oracle.com/"/>
    <property name="user.timezone" value="America/Phoenix"/>
    <property name="os.name" value="Windows 11"/>
    <property name="java.vm.specification.version" value="21"/>
    <property name="sun.java.launcher" value="SUN_STANDARD"/>
    <property name="user.country" value="US"/>
    <property name="sun.boot.library.path" value="C:\Program Files\Java\jdk-21\bin"/>
    <property name="sun.java.command" value="C:\Users\nindr\AppData\Local\Temp\surefire6499326227345342467\surefirebooter-20250423234715247_3.jar C:\Users\nindr\AppData\Local\Temp\surefire6499326227345342467 2025-04-23T23-47-14_541-jvmRun1 surefire-20250423234715247_1tmp surefire_0-20250423234715247_2tmp"/>
    <property name="jdk.debug" value="release"/>
    <property name="surefire.test.class.path" value="C:\Users\nindr\Desktop\SeleniumWebAppTests\target\test-classes;C:\Users\nindr\Desktop\SeleniumWebAppTests\target\classes;C:\Users\nindr\.m2\repository\org\junit\jupiter\junit-jupiter\5.10.0\junit-jupiter-5.10.0.jar;C:\Users\nindr\.m2\repository\org\junit\jupiter\junit-jupiter-api\5.10.0\junit-jupiter-api-5.10.0.jar;C:\Users\nindr\.m2\repository\org\opentest4j\opentest4j\1.3.0\opentest4j-1.3.0.jar;C:\Users\nindr\.m2\repository\org\junit\platform\junit-platform-commons\1.10.0\junit-platform-commons-1.10.0.jar;C:\Users\nindr\.m2\repository\org\apiguardian\apiguardian-api\1.1.2\apiguardian-api-1.1.2.jar;C:\Users\nindr\.m2\repository\org\junit\jupiter\junit-jupiter-params\5.10.0\junit-jupiter-params-5.10.0.jar;C:\Users\nindr\.m2\repository\org\junit\jupiter\junit-jupiter-engine\5.10.0\junit-jupiter-engine-5.10.0.jar;C:\Users\nindr\.m2\repository\org\junit\platform\junit-platform-engine\1.10.0\junit-platform-engine-1.10.0.jar;C:\Users\nindr\.m2\repository\org\seleniumhq\selenium\selenium-java\4.21.0\selenium-java-4.21.0.jar;C:\Users\nindr\.m2\repository\org\seleniumhq\selenium\selenium-api\4.21.0\selenium-api-4.21.0.jar;C:\Users\nindr\.m2\repository\org\seleniumhq\selenium\selenium-chrome-driver\4.21.0\selenium-chrome-driver-4.21.0.jar;C:\Users\nindr\.m2\repository\com\google\auto\service\auto-service-annotations\1.1.1\auto-service-annotations-1.1.1.jar;C:\Users\nindr\.m2\repository\org\seleniumhq\selenium\selenium-chromium-driver\4.21.0\selenium-chromium-driver-4.21.0.jar;C:\Users\nindr\.m2\repository\org\seleniumhq\selenium\selenium-json\4.21.0\selenium-json-4.21.0.jar;C:\Users\nindr\.m2\repository\org\seleniumhq\selenium\selenium-manager\4.21.0\selenium-manager-4.21.0.jar;C:\Users\nindr\.m2\repository\org\seleniumhq\selenium\selenium-devtools-v123\4.21.0\selenium-devtools-v123-4.21.0.jar;C:\Users\nindr\.m2\repository\org\seleniumhq\selenium\selenium-devtools-v124\4.21.0\selenium-devtools-v124-4.21.0.jar;C:\Users\nindr\.m2\repository\org\seleniumhq\selenium\selenium-devtools-v125\4.21.0\selenium-devtools-v125-4.21.0.jar;C:\Users\nindr\.m2\repository\org\seleniumhq\selenium\selenium-devtools-v85\4.21.0\selenium-devtools-v85-4.21.0.jar;C:\Users\nindr\.m2\repository\org\seleniumhq\selenium\selenium-edge-driver\4.21.0\selenium-edge-driver-4.21.0.jar;C:\Users\nindr\.m2\repository\org\seleniumhq\selenium\selenium-firefox-driver\4.21.0\selenium-firefox-driver-4.21.0.jar;C:\Users\nindr\.m2\repository\org\seleniumhq\selenium\selenium-http\4.21.0\selenium-http-4.21.0.jar;C:\Users\nindr\.m2\repository\dev\failsafe\failsafe\3.3.2\failsafe-3.3.2.jar;C:\Users\nindr\.m2\repository\org\seleniumhq\selenium\selenium-ie-driver\4.21.0\selenium-ie-driver-4.21.0.jar;C:\Users\nindr\.m2\repository\org\seleniumhq\selenium\selenium-remote-driver\4.21.0\selenium-remote-driver-4.21.0.jar;C:\Users\nindr\.m2\repository\com\google\guava\guava\33.2.0-jre\guava-33.2.0-jre.jar;C:\Users\nindr\.m2\repository\com\google\guava\failureaccess\1.0.2\failureaccess-1.0.2.jar;C:\Users\nindr\.m2\repository\com\google\guava\listenablefuture\9999.0-empty-to-avoid-conflict-with-guava\listenablefuture-9999.0-empty-to-avoid-conflict-with-guava.jar;C:\Users\nindr\.m2\repository\com\google\code\findbugs\jsr305\3.0.2\jsr305-3.0.2.jar;C:\Users\nindr\.m2\repository\org\checkerframework\checker-qual\3.42.0\checker-qual-3.42.0.jar;C:\Users\nindr\.m2\repository\com\google\errorprone\error_prone_annotations\2.26.1\error_prone_annotations-2.26.1.jar;C:\Users\nindr\.m2\repository\com\google\j2objc\j2objc-annotations\3.0.0\j2objc-annotations-3.0.0.jar;C:\Users\nindr\.m2\repository\io\opentelemetry\semconv\opentelemetry-semconv\1.25.0-alpha\opentelemetry-semconv-1.25.0-alpha.jar;C:\Users\nindr\.m2\repository\io\opentelemetry\opentelemetry-api\1.38.0\opentelemetry-api-1.38.0.jar;C:\Users\nindr\.m2\repository\io\opentelemetry\opentelemetry-context\1.38.0\opentelemetry-context-1.38.0.jar;C:\Users\nindr\.m2\repository\io\opentelemetry\opentelemetry-exporter-logging\1.38.0\opentelemetry-exporter-logging-1.38.0.jar;C:\Users\nindr\.m2\repository\io\opentelemetry\opentelemetry-sdk-common\1.38.0\opentelemetry-sdk-common-1.38.0.jar;C:\Users\nindr\.m2\repository\io\opentelemetry\opentelemetry-sdk-extension-autoconfigure-spi\1.38.0\opentelemetry-sdk-extension-autoconfigure-spi-1.38.0.jar;C:\Users\nindr\.m2\repository\io\opentelemetry\opentelemetry-sdk-extension-autoconfigure\1.38.0\opentelemetry-sdk-extension-autoconfigure-1.38.0.jar;C:\Users\nindr\.m2\repository\io\opentelemetry\opentelemetry-api-incubator\1.38.0-alpha\opentelemetry-api-incubator-1.38.0-alpha.jar;C:\Users\nindr\.m2\repository\io\opentelemetry\opentelemetry-sdk-trace\1.38.0\opentelemetry-sdk-trace-1.38.0.jar;C:\Users\nindr\.m2\repository\io\opentelemetry\opentelemetry-sdk\1.38.0\opentelemetry-sdk-1.38.0.jar;C:\Users\nindr\.m2\repository\io\opentelemetry\opentelemetry-sdk-metrics\1.38.0\opentelemetry-sdk-metrics-1.38.0.jar;C:\Users\nindr\.m2\repository\io\opentelemetry\opentelemetry-sdk-logs\1.38.0\opentelemetry-sdk-logs-1.38.0.jar;C:\Users\nindr\.m2\repository\net\bytebuddy\byte-buddy\1.14.15\byte-buddy-1.14.15.jar;C:\Users\nindr\.m2\repository\org\seleniumhq\selenium\selenium-os\4.21.0\selenium-os-4.21.0.jar;C:\Users\nindr\.m2\repository\org\apache\commons\commons-exec\1.4.0\commons-exec-1.4.0.jar;C:\Users\nindr\.m2\repository\org\seleniumhq\selenium\selenium-safari-driver\4.21.0\selenium-safari-driver-4.21.0.jar;C:\Users\nindr\.m2\repository\org\seleniumhq\selenium\selenium-support\4.21.0\selenium-support-4.21.0.jar;C:\Users\nindr\.m2\repository\io\github\bonigarcia\webdrivermanager\5.8.0\webdrivermanager-5.8.0.jar;C:\Users\nindr\.m2\repository\org\slf4j\slf4j-api\2.0.12\slf4j-api-2.0.12.jar;C:\Users\nindr\.m2\repository\com\google\code\gson\gson\2.10.1\gson-2.10.1.jar;C:\Users\nindr\.m2\repository\com\github\docker-java\docker-java\3.3.6\docker-java-3.3.6.jar;C:\Users\nindr\.m2\repository\com\github\docker-java\docker-java-core\3.3.6\docker-java-core-3.3.6.jar;C:\Users\nindr\.m2\repository\com\github\docker-java\docker-java-api\3.3.6\docker-java-api-3.3.6.jar;C:\Users\nindr\.m2\repository\com\fasterxml\jackson\core\jackson-annotations\2.10.3\jackson-annotations-2.10.3.jar;C:\Users\nindr\.m2\repository\com\fasterxml\jackson\core\jackson-databind\2.10.3\jackson-databind-2.10.3.jar;C:\Users\nindr\.m2\repository\com\fasterxml\jackson\core\jackson-core\2.10.3\jackson-core-2.10.3.jar;C:\Users\nindr\.m2\repository\org\bouncycastle\bcpkix-jdk18on\1.76\bcpkix-jdk18on-1.76.jar;C:\Users\nindr\.m2\repository\org\bouncycastle\bcprov-jdk18on\1.76\bcprov-jdk18on-1.76.jar;C:\Users\nindr\.m2\repository\org\bouncycastle\bcutil-jdk18on\1.76\bcutil-jdk18on-1.76.jar;C:\Users\nindr\.m2\repository\org\slf4j\jcl-over-slf4j\1.7.30\jcl-over-slf4j-1.7.30.jar;C:\Users\nindr\.m2\repository\com\github\docker-java\docker-java-transport-httpclient5\3.3.6\docker-java-transport-httpclient5-3.3.6.jar;C:\Users\nindr\.m2\repository\com\github\docker-java\docker-java-transport\3.3.6\docker-java-transport-3.3.6.jar;C:\Users\nindr\.m2\repository\net\java\dev\jna\jna\5.13.0\jna-5.13.0.jar;C:\Users\nindr\.m2\repository\org\brotli\dec\0.1.2\dec-0.1.2.jar;C:\Users\nindr\.m2\repository\org\apache\commons\commons-lang3\3.14.0\commons-lang3-3.14.0.jar;C:\Users\nindr\.m2\repository\org\apache\commons\commons-compress\1.26.1\commons-compress-1.26.1.jar;C:\Users\nindr\.m2\repository\commons-codec\commons-codec\1.16.1\commons-codec-1.16.1.jar;C:\Users\nindr\.m2\repository\commons-io\commons-io\2.15.1\commons-io-2.15.1.jar;C:\Users\nindr\.m2\repository\org\apache\httpcomponents\client5\httpclient5\5.2.1\httpclient5-5.2.1.jar;C:\Users\nindr\.m2\repository\org\apache\httpcomponents\core5\httpcore5\5.2\httpcore5-5.2.jar;C:\Users\nindr\.m2\repository\org\apache\httpcomponents\core5\httpcore5-h2\5.2\httpcore5-h2-5.2.jar;"/>
    <property name="sun.cpu.endian" value="little"/>
    <property name="user.home" value="C:\Users\nindr"/>
    <property name="user.language" value="en"/>
    <property name="java.specification.vendor" value="Oracle Corporation"/>
    <property name="java.version.date" value="2024-07-16"/>
    <property name="java.home" value="C:\Program Files\Java\jdk-21"/>
    <property name="file.separator" value="\"/>
    <property name="basedir" value="C:\Users\nindr\Desktop\SeleniumWebAppTests"/>
    <property name="java.vm.compressedOopsMode" value="Zero based"/>
    <property name="line.separator" value="&#10;"/>
    <property name="java.vm.specification.vendor" value="Oracle Corporation"/>
    <property name="java.specification.name" value="Java Platform API Specification"/>
    <property name="surefire.real.class.path" value="C:\Users\nindr\AppData\Local\Temp\surefire6499326227345342467\surefirebooter-20250423234715247_3.jar"/>
    <property name="user.script" value=""/>
    <property name="sun.management.compiler" value="HotSpot 64-Bit Tiered Compilers"/>
    <property name="java.runtime.version" value="21.0.4+8-LTS-274"/>
    <property name="user.name" value="nindr"/>
    <property name="stdout.encoding" value="Cp1252"/>
    <property name="path.separator" value=";"/>
    <property name="os.version" value="10.0"/>
    <property name="java.runtime.name" value="Java(TM) SE Runtime Environment"/>
    <property name="file.encoding" value="UTF-8"/>
    <property name="java.vm.name" value="Java HotSpot(TM) 64-Bit Server VM"/>
    <property name="localRepository" value="C:\Users\nindr\.m2\repository"/>
    <property name="java.vendor.url.bug" value="https://bugreport.java.com/bugreport/"/>
    <property name="java.io.tmpdir" value="C:\Users\nindr\AppData\Local\Temp\"/>
    <property name="java.version" value="21.0.4"/>
    <property name="user.dir" value="C:\Users\nindr\Desktop\SeleniumWebAppTests"/>
    <property name="os.arch" value="amd64"/>
    <property name="java.vm.specification.name" value="Java Virtual Machine Specification"/>
    <property name="sun.os.patch.level" value=""/>
    <property name="native.encoding" value="Cp1252"/>
    <property name="java.library.path" value="C:\Program Files\Java\jdk-21\bin;C:\WINDOWS\Sun\Java\bin;C:\WINDOWS\system32;C:\WINDOWS;C:\Program Files\Common Files\Oracle\Java\javapath;C:\WINDOWS\system32;C:\WINDOWS;C:\WINDOWS\System32\Wbem;C:\WINDOWS\System32\WindowsPowerShell\v1.0\;C:\WINDOWS\System32\OpenSSH\;C:\Program Files\dotnet\;C:\Program Files (x86)\NVIDIA Corporation\PhysX\Common;C:\Program Files\NVIDIA Corporation\NVIDIA NvDLISR;C:\Program Files\Git\cmd;C:\Users\nindr\.cargo\bin;C:\Program Files\astah-UML;C:\Users\nindr\AppData\Local\Programs\Python\Python312\;C:\Users\nindr\AppData\Local\Programs\Python\Python312\Scripts;C:\Users\nindr\AppData\Local\Programs\apache-maven-3.9.9-bin\apache-maven-3.9.9\bin;C:\Program Files\Java\jdk-21\bin;C:\Program Files (x86)\PICT\;C:\Program Files\swipl\bin;C:\Users\nindr\AppData\Local\Programs\Python\Python312\Scripts\;C:\Users\nindr\AppData\Local\Programs\Python\Python312\;C:\Users\nindr\AppData\Local\Programs\Python\Launcher\;C:\Users\nindr\AppData\Local\Microsoft\WindowsApps;C:\Users\nindr\AppData\Local\Programs\Microsoft VS Code\bin;;C:\Users\nindr\AppData\Local\Programs\Ollama;."/>
    <property name="java.vm.info" value="mixed mode, sharing"/>
    <property name="stderr.encoding" value="Cp1252"/>
    <property name="java.vendor" value="Oracle Corporation"/>
    <property name="java.vm.version" value="21.0.4+8-LTS-274"/>
    <property name="sun.io.unicode.encoding" value="UnicodeLittle"/>
    <property name="java.class.version" value="65.0"/>
  </properties>
  <testcase name="testPage1ToPage2Navigation" classname="com.example.selenium.GuiTestCasesPage1Test" time="0.366">
    <system-err><![CDATA[Apr 23, 2025 11:47:26 PM org.openqa.selenium.devtools.CdpVersionFinder findNearestMatch
WARNING: Unable to find CDP implementation matching 135
Apr 23, 2025 11:47:26 PM org.openqa.selenium.chromium.ChromiumDriver lambda$new$5
WARNING: Unable to find version of CDP to use for 135.0.7049.115. You may need to include a dependency on a specific version of the CDP using something similar to `org.seleniumhq.selenium:selenium-devtools-v86:4.21.0` where the version ("v86") matches the version of the chromium-based browser you're using and the version number of the artifact is the same as Selenium's.
]]></system-err>
  </testcase>
  <testcase name="testTextboxLocation1" classname="com.example.selenium.GuiTestCasesPage1Test" time="0.044"/>
  <testcase name="testTextboxLocation2" classname="com.example.selenium.GuiTestCasesPage1Test" time="0.058"/>
  <testcase name="testTextboxLocation3" classname="com.example.selenium.GuiTestCasesPage1Test" time="0.058"/>
  <testcase name="testTextboxLocation4" classname="com.example.selenium.GuiTestCasesPage1Test" time="0.043"/>
  <testcase name="testRadioButtonsExistence2q1" classname="com.example.selenium.GuiTestCasesPage1Test" time="0.075"/>
  <testcase name="testRadioButtonsExistence2q2" classname="com.example.selenium.GuiTestCasesPage1Test" time="0.091"/>
  <testcase name="testRadioButtonsExistence3q3" classname="com.example.selenium.GuiTestCasesPage1Test" time="0.086"/>
  <testcase name="testRadioButtonsExistence3q4" classname="com.example.selenium.GuiTestCasesPage1Test" time="0.08"/>
  <testcase name="testImageContent1" classname="com.example.selenium.GuiTestCasesPage1Test" time="0.049"/>
  <testcase name="testImageContent2" classname="com.example.selenium.GuiTestCasesPage1Test" time="0.039"/>
  <testcase name="testImageContent3" classname="com.example.selenium.GuiTestCasesPage1Test" time="0.044"/>
  <testcase name="testImageContent4" classname="com.example.selenium.GuiTestCasesPage1Test" time="0.04"/>
  <testcase name="testImageContent6" classname="com.example.selenium.GuiTestCasesPage1Test" time="0.05"/>
  <testcase name="testButtonContent1" classname="com.example.selenium.GuiTestCasesPage1Test" time="0.059"/>
  <testcase name="testButtonContent2" classname="com.example.selenium.GuiTestCasesPage1Test" time="0.042"/>
  <testcase name="testButtonContent3" classname="com.example.selenium.GuiTestCasesPage1Test" time="0.052"/>
  <testcase name="testButtonContent4" classname="com.example.selenium.GuiTestCasesPage1Test" time="0.042"/>
  <testcase name="testTextboxSize1" classname="com.example.selenium.GuiTestCasesPage1Test" time="0.046"/>
  <testcase name="testTextboxSize2" classname="com.example.selenium.GuiTestCasesPage1Test" time="0.036"/>
  <testcase name="testTextboxSize3" classname="com.example.selenium.GuiTestCasesPage1Test" time="0.041"/>
  <testcase name="testTextboxSize4" classname="com.example.selenium.GuiTestCasesPage1Test" time="0.05"/>
  <testcase name="testImageExistence1" classname="com.example.selenium.GuiTestCasesPage1Test" time="0.047"/>
  <testcase name="testCheckboxLocationAndSize1" classname="com.example.selenium.GuiTestCasesPage1Test" time="0.048"/>
  <testcase name="testCheckboxLocationAndSize2" classname="com.example.selenium.GuiTestCasesPage1Test" time="0.049"/>
  <testcase name="testCheckboxLocationAndSize3" classname="com.example.selenium.GuiTestCasesPage1Test" time="0.057"/>
  <testcase name="testCheckboxLocationAndSize4" classname="com.example.selenium.GuiTestCasesPage1Test" time="0.07"/>
  <testcase name="testCheckboxLocationAndSize6" classname="com.example.selenium.GuiTestCasesPage1Test" time="0.067"/>
  <testcase name="testRadioButtonsLocationAndSize2q1" classname="com.example.selenium.GuiTestCasesPage1Test" time="0.104"/>
  <testcase name="testRadioButtonsLocationAndSize2q2" classname="com.example.selenium.GuiTestCasesPage1Test" time="0.081"/>
  <testcase name="testRadioButtonsLocationAndSize3q3" classname="com.example.selenium.GuiTestCasesPage1Test" time="0.121"/>
  <testcase name="testRadioButtonsLocationAndSize3q4" classname="com.example.selenium.GuiTestCasesPage1Test" time="0.092"/>
  <testcase name="testPage6ToPage1Navigation" classname="com.example.selenium.GuiTestCasesPage1Test" time="0.14"/>
  <testcase name="testRadioButtonsExistence1" classname="com.example.selenium.GuiTestCasesPage1Test" time="0.083"/>
  <testcase name="testRadioButtonsExistence4" classname="com.example.selenium.GuiTestCasesPage1Test" time="0.151"/>
  <testcase name="testRadioButtonsExistence6" classname="com.example.selenium.GuiTestCasesPage1Test" time="0.126"/>
  <testcase name="testRadioButtonsLocationAndSize1" classname="com.example.selenium.GuiTestCasesPage1Test" time="0.23"/>
  <testcase name="testRadioButtonsLocationAndSize4" classname="com.example.selenium.GuiTestCasesPage1Test" time="0.119"/>
  <testcase name="testRadioButtonsLocationAndSize6" classname="com.example.selenium.GuiTestCasesPage1Test" time="0.151"/>
  <testcase name="testRadioButtonsContent2q1" classname="com.example.selenium.GuiTestCasesPage1Test" time="0.218"/>
  <testcase name="testRadioButtonsContent2q2" classname="com.example.selenium.GuiTestCasesPage1Test" time="0.186"/>
  <testcase name="testRadioButtonsContent3q3" classname="com.example.selenium.GuiTestCasesPage1Test" time="0.12"/>
  <testcase name="testRadioButtonsContent3q4" classname="com.example.selenium.GuiTestCasesPage1Test" time="0.136"/>
  <testcase name="testPage2ToPage3Navigation" classname="com.example.selenium.GuiTestCasesPage1Test" time="0.278"/>
  <testcase name="testButtonLocationAndSize1" classname="com.example.selenium.GuiTestCasesPage1Test" time="0.058"/>
  <testcase name="testButtonLocationAndSize2" classname="com.example.selenium.GuiTestCasesPage1Test" time="0.068"/>
  <testcase name="testButtonLocationAndSize3" classname="com.example.selenium.GuiTestCasesPage1Test" time="0.079"/>
  <testcase name="testButtonLocationAndSize4" classname="com.example.selenium.GuiTestCasesPage1Test" time="0.072"/>
  <testcase name="testImageExists2" classname="com.example.selenium.GuiTestCasesPage1Test" time="0.052"/>
  <testcase name="testImageExists3" classname="com.example.selenium.GuiTestCasesPage1Test" time="0.133"/>
  <testcase name="testImageExists4" classname="com.example.selenium.GuiTestCasesPage1Test" time="0.054"/>
  <testcase name="testImageExists6" classname="com.example.selenium.GuiTestCasesPage1Test" time="0.048"/>
  <testcase name="testButtonLocationAndSize6b1" classname="com.example.selenium.GuiTestCasesPage1Test" time="0.108"/>
  <testcase name="testButtonLocationAndSize6b2" classname="com.example.selenium.GuiTestCasesPage1Test" time="0.069"/>
  <testcase name="testPage4ToPage6Navigation" classname="com.example.selenium.GuiTestCasesPage1Test" time="0.372"/>
  <testcase name="testPage3ToPage4Navigation" classname="com.example.selenium.GuiTestCasesPage1Test" time="0.915"/>
  <testcase name="testImageLocation1" classname="com.example.selenium.GuiTestCasesPage1Test" time="0.05"/>
  <testcase name="testImageLocation2" classname="com.example.selenium.GuiTestCasesPage1Test" time="0.063"/>
  <testcase name="testImageLocation3" classname="com.example.selenium.GuiTestCasesPage1Test" time="0.088"/>
  <testcase name="testImageLocation4" classname="com.example.selenium.GuiTestCasesPage1Test" time="0.062"/>
  <testcase name="testImageLocation6" classname="com.example.selenium.GuiTestCasesPage1Test" time="0.052"/>
  <testcase name="testCheckboxContent1" classname="com.example.selenium.GuiTestCasesPage1Test" time="0.063"/>
  <testcase name="testCheckboxContent2" classname="com.example.selenium.GuiTestCasesPage1Test" time="0.094"/>
  <testcase name="testCheckboxContent3" classname="com.example.selenium.GuiTestCasesPage1Test" time="0.074"/>
  <testcase name="testCheckboxContent4" classname="com.example.selenium.GuiTestCasesPage1Test" time="0.327"/>
  <testcase name="testCheckboxContent6" classname="com.example.selenium.GuiTestCasesPage1Test" time="0.16"/>
  <testcase name="testRadioButtonsContent1" classname="com.example.selenium.GuiTestCasesPage1Test" time="0.105"/>
  <testcase name="testRadioButtonsContent4" classname="com.example.selenium.GuiTestCasesPage1Test" time="0.11"/>
  <testcase name="testRadioButtonsContent6" classname="com.example.selenium.GuiTestCasesPage1Test" time="0.184"/>
  <testcase name="testTextboxContent1" classname="com.example.selenium.GuiTestCasesPage1Test" time="0.203"/>
  <testcase name="testTextboxContent2" classname="com.example.selenium.GuiTestCasesPage1Test" time="0.043"/>
  <testcase name="testTextboxContent3" classname="com.example.selenium.GuiTestCasesPage1Test" time="0.045"/>
  <testcase name="testTextboxContent4" classname="com.example.selenium.GuiTestCasesPage1Test" time="0.042"/>
  <testcase name="testButtonExistence1" classname="com.example.selenium.GuiTestCasesPage1Test" time="0.038"/>
  <testcase name="testButtonExistence2" classname="com.example.selenium.GuiTestCasesPage1Test" time="0.032"/>
  <testcase name="testButtonExistence3" classname="com.example.selenium.GuiTestCasesPage1Test" time="0.031"/>
  <testcase name="testButtonExistence4" classname="com.example.selenium.GuiTestCasesPage1Test" time="0.033"/>
  <testcase name="testTextboxExistence1" classname="com.example.selenium.GuiTestCasesPage1Test" time="0.033"/>
  <testcase name="testTextboxExistence2" classname="com.example.selenium.GuiTestCasesPage1Test" time="0.034"/>
  <testcase name="testTextboxExistence3" classname="com.example.selenium.GuiTestCasesPage1Test" time="0.037"/>
  <testcase name="testTextboxExistence4" classname="com.example.selenium.GuiTestCasesPage1Test" time="0.032"/>
  <testcase name="testButtonExistence6b1" classname="com.example.selenium.GuiTestCasesPage1Test" time="0.049"/>
  <testcase name="testButtonExistence6b2" classname="com.example.selenium.GuiTestCasesPage1Test" time="0.043"/>
  <testcase name="testButtonContent6b1" classname="com.example.selenium.GuiTestCasesPage1Test" time="0.033"/>
  <testcase name="testButtonContent6b2" classname="com.example.selenium.GuiTestCasesPage1Test" time="0.031"/>
  <testcase name="testCheckboxExistence1" classname="com.example.selenium.GuiTestCasesPage1Test" time="0.04"/>
  <testcase name="testCheckboxExistence2" classname="com.example.selenium.GuiTestCasesPage1Test" time="0.035"/>
  <testcase name="testCheckboxExistence3" classname="com.example.selenium.GuiTestCasesPage1Test" time="0.039"/>
  <testcase name="testCheckboxExistence4" classname="com.example.selenium.GuiTestCasesPage1Test" time="0.035"/>
  <testcase name="testCheckboxExistence6" classname="com.example.selenium.GuiTestCasesPage1Test" time="0.034"/>
  <testcase name="testImageSize1" classname="com.example.selenium.GuiTestCasesPage1Test" time="0.031"/>
  <testcase name="testImageSize2" classname="com.example.selenium.GuiTestCasesPage1Test" time="0.035"/>
  <testcase name="testImageSize3" classname="com.example.selenium.GuiTestCasesPage1Test" time="0.034"/>
  <testcase name="testImageSize4" classname="com.example.selenium.GuiTestCasesPage1Test" time="0.031"/>
  <testcase name="testImageSize6" classname="com.example.selenium.GuiTestCasesPage1Test" time="0.033"/>
</testsuite>